<?xml version="1.0" encoding="UTF-8"?>
<!-- Generated by org.testng.reporters.JUnitReportReporter -->
<testsuite hostname="DESKTOP-9A72KTE" failures="0" tests="1" name="test.Testcase3" time="40.611" errors="0" timestamp="2024-11-18T17:26:01 IST" skipped="0">
  <testcase classname="test.Testcase3" name="search_wishlist_logout" time="40.611"/>
  <system-out/>
</testsuite> <!-- test.Testcase3 -->
