<?xml version="1.0" encoding="UTF-8"?>
<!-- Generated by org.testng.reporters.JUnitReportReporter -->
<testsuite hostname="DESKTOP-9A72KTE" failures="0" tests="1" name="test.Testcase1" time="14.227" errors="0" timestamp="2024-11-16T12:33:55 IST" skipped="0">
  <testcase classname="test.Testcase1" name="logintoamazon" time="14.227"/>
  <system-out/>
</testsuite> <!-- test.Testcase1 -->
