<?xml version="1.0" encoding="UTF-8"?>
<!-- Generated by org.testng.reporters.JUnitReportReporter -->
<testsuite hostname="DESKTOP-9A72KTE" failures="0" tests="1" name="test.Testcase4" time="43.793" errors="0" timestamp="2024-11-20T15:43:03 IST" skipped="0">
  <testcase classname="test.Testcase4" name="logout" time="43.793"/>
  <system-out/>
</testsuite> <!-- test.Testcase4 -->
