<?xml version="1.0" encoding="UTF-8"?>
<!-- Generated by org.testng.reporters.JUnitReportReporter -->
<testsuite hostname="DESKTOP-9A72KTE" failures="0" tests="1" name="test.Testcase5" time="58.987" errors="0" timestamp="2024-11-20T15:36:40 IST" skipped="0">
  <testcase classname="test.Testcase5" name="logout" time="58.987"/>
  <system-out/>
</testsuite> <!-- test.Testcase5 -->
