<?xml version="1.0" encoding="UTF-8"?>
<!-- Generated by org.testng.reporters.JUnitReportReporter -->
<testsuite hostname="DESKTOP-9A72KTE" failures="0" tests="1" name="test.Testcase2" time="41.477" errors="0" timestamp="2024-11-17T11:48:10 IST" skipped="0">
  <testcase classname="test.Testcase2" name="loginandsearching" time="41.477"/>
  <system-out/>
</testsuite> <!-- test.Testcase2 -->
